  meinterpreter.c
c:\users\farell\documents\visual studio 2015\projects\me-interpreter\me-interpreter\meinterpreter.c(129): warning C4098: “interpreformal”:“void”函数返回值
c:\users\farell\documents\visual studio 2015\projects\me-interpreter\me-interpreter\meinterpreter.c(133): warning C4098: “interpreformal”:“void”函数返回值
c:\users\farell\documents\visual studio 2015\projects\me-interpreter\me-interpreter\meinterpreter.c(137): warning C4098: “interpreformal”:“void”函数返回值
c:\users\farell\documents\visual studio 2015\projects\me-interpreter\me-interpreter\meinterpreter.c(141): warning C4098: “interpreformal”:“void”函数返回值
c:\users\farell\documents\visual studio 2015\projects\me-interpreter\me-interpreter\meinterpreter.c(174): warning C4098: “interpreformal”:“void”函数返回值
c:\users\farell\documents\visual studio 2015\projects\me-interpreter\me-interpreter\meinterpreter.c(177): warning C4090: “函数”: 不同的“const”限定符
c:\users\farell\documents\visual studio 2015\projects\me-interpreter\me-interpreter\meinterpreter.c(184): warning C4098: “interpreformal”:“void”函数返回值
c:\users\farell\documents\visual studio 2015\projects\me-interpreter\me-interpreter\meinterpreter.c(190): warning C4098: “interpreformal”:“void”函数返回值
c:\users\farell\documents\visual studio 2015\projects\me-interpreter\me-interpreter\meinterpreter.c(201): warning C4013: “evalv2”未定义；假设外部返回 int
c:\users\farell\documents\visual studio 2015\projects\me-interpreter\me-interpreter\meinterpreter.c(201): warning C4098: “interpreformal”:“void”函数返回值
c:\users\farell\documents\visual studio 2015\projects\me-interpreter\me-interpreter\meinterpreter.c(119): warning C4101: “fd”: 未引用的局部变量
c:\users\farell\documents\visual studio 2015\projects\me-interpreter\me-interpreter\meinterpreter.c(215): warning C4013: “cvm_init”未定义；假设外部返回 int
c:\users\farell\documents\visual studio 2015\projects\me-interpreter\me-interpreter\meinterpreter.c(664): warning C4013: “open”未定义；假设外部返回 int
c:\users\farell\documents\visual studio 2015\projects\me-interpreter\me-interpreter\meinterpreter.c(665): warning C4013: “close”未定义；假设外部返回 int
c:\users\farell\documents\visual studio 2015\projects\me-interpreter\me-interpreter\meinterpreter.c(666): warning C4013: “read”未定义；假设外部返回 int
c:\users\farell\documents\visual studio 2015\projects\me-interpreter\me-interpreter\meinterpreter.c(702): warning C4101: “i”: 未引用的局部变量
c:\users\farell\documents\visual studio 2015\projects\me-interpreter\me-interpreter\meinterpreter.c(1030): warning C4146: 一元负运算符应用于无符号类型，结果仍为无符号类型
  me-interpreter.vcxproj -> C:\Users\Farell\Documents\Visual Studio 2015\Projects\me-interpreter\Debug\me-interpreter.exe
  me-interpreter.vcxproj -> C:\Users\Farell\Documents\Visual Studio 2015\Projects\me-interpreter\Debug\me-interpreter.pdb (Full PDB)
